
The following have been reloaded with a version change:
  1) cuda/11.4 => cuda/11.4-5ncz6p4

┌ Warning: CUDA runtime library libcublasLt.so.11 was loaded from a system path. This may cause errors.
│ Ensure that you have not set the LD_LIBRARY_PATH environment variable, or that it does not contain paths to CUDA libraries.
└ @ CUDA /nobackup/users/yuchenma/depot/packages/CUDA/tVtYo/src/initialization.jl:173
┌ Warning: CUDA runtime library libcublasLt.so.11 was loaded from a system path. This may cause errors.
│ Ensure that you have not set the LD_LIBRARY_PATH environment variable, or that it does not contain paths to CUDA libraries.
└ @ CUDA /nobackup/users/yuchenma/depot/packages/CUDA/tVtYo/src/initialization.jl:173
┌ Warning: CUDA runtime library libcublasLt.so.11 was loaded from a system path. This may cause errors.
│ Ensure that you have not set the LD_LIBRARY_PATH environment variable, or that it does not contain paths to CUDA libraries.
└ @ CUDA /nobackup/users/yuchenma/depot/packages/CUDA/tVtYo/src/initialization.jl:173
┌ Warning: CUDA runtime library libcublasLt.so.11 was loaded from a system path. This may cause errors.
│ Ensure that you have not set the LD_LIBRARY_PATH environment variable, or that it does not contain paths to CUDA libraries.
└ @ CUDA /nobackup/users/yuchenma/depot/packages/CUDA/tVtYo/src/initialization.jl:173
[ Info: Creating the GPU grid
[ Info: Creating the GPU grid
[ Info: Creating the GPU grid
[ Info: Creating the GPU grid
[node0019:2301268] mca_base_component_repository_open: unable to open mca_pmix_pmix3x: /nobackup/users/yuchenma/depot/artifacts/b00270a0c26233bd7d6129cbe25ea4ce954fbfb1/lib/openmpi/mca_pmix_pmix3x.so: undefined symbol: opal_envar_t_class (ignored)
[node0019:2301269] mca_base_component_repository_open: unable to open mca_pmix_pmix3x: /nobackup/users/yuchenma/depot/artifacts/b00270a0c26233bd7d6129cbe25ea4ce954fbfb1/lib/openmpi/mca_pmix_pmix3x.so: undefined symbol: opal_envar_t_class (ignored)
[node0019:2301270] mca_base_component_repository_open: unable to open mca_pmix_pmix3x: /nobackup/users/yuchenma/depot/artifacts/b00270a0c26233bd7d6129cbe25ea4ce954fbfb1/lib/openmpi/mca_pmix_pmix3x.so: undefined symbol: opal_envar_t_class (ignored)
[node0019:2301271] mca_base_component_repository_open: unable to open mca_pmix_pmix3x: /nobackup/users/yuchenma/depot/artifacts/b00270a0c26233bd7d6129cbe25ea4ce954fbfb1/lib/openmpi/mca_pmix_pmix3x.so: undefined symbol: opal_envar_t_class (ignored)
[node0019:2301268] mca_base_component_repository_open: unable to open mca_coll_adapt: /nobackup/users/yuchenma/depot/artifacts/b00270a0c26233bd7d6129cbe25ea4ce954fbfb1/lib/openmpi/mca_coll_adapt.so: undefined symbol: ompi_coll_base_nbc_request_t_class (ignored)
[node0019:2301269] mca_base_component_repository_open: unable to open mca_coll_adapt: /nobackup/users/yuchenma/depot/artifacts/b00270a0c26233bd7d6129cbe25ea4ce954fbfb1/lib/openmpi/mca_coll_adapt.so: undefined symbol: ompi_coll_base_nbc_request_t_class (ignored)
[node0019:2301270] mca_base_component_repository_open: unable to open mca_coll_adapt: /nobackup/users/yuchenma/depot/artifacts/b00270a0c26233bd7d6129cbe25ea4ce954fbfb1/lib/openmpi/mca_coll_adapt.so: undefined symbol: ompi_coll_base_nbc_request_t_class (ignored)
[node0019:2301271] mca_base_component_repository_open: unable to open mca_coll_adapt: /nobackup/users/yuchenma/depot/artifacts/b00270a0c26233bd7d6129cbe25ea4ce954fbfb1/lib/openmpi/mca_coll_adapt.so: undefined symbol: ompi_coll_base_nbc_request_t_class (ignored)
/nobackup/users/yuchenma/julia/julia: symbol lookup error: /nobackup/users/yuchenma/depot/artifacts/b00270a0c26233bd7d6129cbe25ea4ce954fbfb1/lib/openmpi/mca_coll_han.so: undefined symbol: mca_coll_base_colltype_to_str
/nobackup/users/yuchenma/julia/julia: symbol lookup error: /nobackup/users/yuchenma/depot/artifacts/b00270a0c26233bd7d6129cbe25ea4ce954fbfb1/lib/openmpi/mca_coll_han.so: undefined symbol: mca_coll_base_colltype_to_str
/nobackup/users/yuchenma/julia/julia: symbol lookup error: /nobackup/users/yuchenma/depot/artifacts/b00270a0c26233bd7d6129cbe25ea4ce954fbfb1/lib/openmpi/mca_coll_han.so: undefined symbol: mca_coll_base_colltype_to_str
/nobackup/users/yuchenma/julia/julia: symbol lookup error: /nobackup/users/yuchenma/depot/artifacts/b00270a0c26233bd7d6129cbe25ea4ce954fbfb1/lib/openmpi/mca_coll_han.so: undefined symbol: mca_coll_base_colltype_to_str
srun: error: node0019: tasks 0-1,3: Exited with exit code 127
srun: error: node0019: task 2: Exited with exit code 127
