
The following have been reloaded with a version change:
  1) cuda/11.4 => cuda/11.4-5ncz6p4

┌ Warning: CUDA runtime library libcublasLt.so.11 was loaded from a system path. This may cause errors.
│ Ensure that you have not set the LD_LIBRARY_PATH environment variable, or that it does not contain paths to CUDA libraries.
└ @ CUDA /nobackup/users/yuchenma/depot/packages/CUDA/tVtYo/src/initialization.jl:173
┌ Warning: CUDA runtime library libcublasLt.so.11 was loaded from a system path. This may cause errors.
│ Ensure that you have not set the LD_LIBRARY_PATH environment variable, or that it does not contain paths to CUDA libraries.
└ @ CUDA /nobackup/users/yuchenma/depot/packages/CUDA/tVtYo/src/initialization.jl:173
┌ Warning: CUDA runtime library libcublasLt.so.11 was loaded from a system path. This may cause errors.
│ Ensure that you have not set the LD_LIBRARY_PATH environment variable, or that it does not contain paths to CUDA libraries.
└ @ CUDA /nobackup/users/yuchenma/depot/packages/CUDA/tVtYo/src/initialization.jl:173
┌ Warning: CUDA runtime library libcublasLt.so.11 was loaded from a system path. This may cause errors.
│ Ensure that you have not set the LD_LIBRARY_PATH environment variable, or that it does not contain paths to CUDA libraries.
└ @ CUDA /nobackup/users/yuchenma/depot/packages/CUDA/tVtYo/src/initialization.jl:173
┌ Warning: CUDA runtime library libcudart.so.11.0 was loaded from a system path. This may cause errors.
│ Ensure that you have not set the LD_LIBRARY_PATH environment variable, or that it does not contain paths to CUDA libraries.
└ @ CUDA /nobackup/users/yuchenma/depot/packages/CUDA/tVtYo/src/initialization.jl:173
┌ Warning: CUDA runtime library libcublasLt.so.11 was loaded from a system path. This may cause errors.
│ Ensure that you have not set the LD_LIBRARY_PATH environment variable, or that it does not contain paths to CUDA libraries.
└ @ CUDA /nobackup/users/yuchenma/depot/packages/CUDA/tVtYo/src/initialization.jl:173
┌ Warning: CUDA runtime library libcudart.so.11.0 was loaded from a system path. This may cause errors.
│ Ensure that you have not set the LD_LIBRARY_PATH environment variable, or that it does not contain paths to CUDA libraries.
└ @ CUDA /nobackup/users/yuchenma/depot/packages/CUDA/tVtYo/src/initialization.jl:173
┌ Warning: CUDA runtime library libcublasLt.so.11 was loaded from a system path. This may cause errors.
│ Ensure that you have not set the LD_LIBRARY_PATH environment variable, or that it does not contain paths to CUDA libraries.
└ @ CUDA /nobackup/users/yuchenma/depot/packages/CUDA/tVtYo/src/initialization.jl:173
┌ Warning: CUDA runtime library libcudart.so.11.0 was loaded from a system path. This may cause errors.
│ Ensure that you have not set the LD_LIBRARY_PATH environment variable, or that it does not contain paths to CUDA libraries.
└ @ CUDA /nobackup/users/yuchenma/depot/packages/CUDA/tVtYo/src/initialization.jl:173
┌ Warning: CUDA runtime library libcublasLt.so.11 was loaded from a system path. This may cause errors.
│ Ensure that you have not set the LD_LIBRARY_PATH environment variable, or that it does not contain paths to CUDA libraries.
└ @ CUDA /nobackup/users/yuchenma/depot/packages/CUDA/tVtYo/src/initialization.jl:173
┌ Warning: CUDA runtime library libcudart.so.11.0 was loaded from a system path. This may cause errors.
│ Ensure that you have not set the LD_LIBRARY_PATH environment variable, or that it does not contain paths to CUDA libraries.
└ @ CUDA /nobackup/users/yuchenma/depot/packages/CUDA/tVtYo/src/initialization.jl:173
┌ Warning: CUDA runtime library libcublasLt.so.11 was loaded from a system path. This may cause errors.
│ Ensure that you have not set the LD_LIBRARY_PATH environment variable, or that it does not contain paths to CUDA libraries.
└ @ CUDA /nobackup/users/yuchenma/depot/packages/CUDA/tVtYo/src/initialization.jl:173
┌ Warning: CUDA runtime library libcudart.so.11.0 was loaded from a system path. This may cause errors.
│ Ensure that you have not set the LD_LIBRARY_PATH environment variable, or that it does not contain paths to CUDA libraries.
└ @ CUDA /nobackup/users/yuchenma/depot/packages/CUDA/tVtYo/src/initialization.jl:173
┌ Warning: CUDA runtime library libcudart.so.11.0 was loaded from a system path. This may cause errors.
│ Ensure that you have not set the LD_LIBRARY_PATH environment variable, or that it does not contain paths to CUDA libraries.
└ @ CUDA /nobackup/users/yuchenma/depot/packages/CUDA/tVtYo/src/initialization.jl:173
┌ Warning: CUDA runtime library libcublasLt.so.11 was loaded from a system path. This may cause errors.
│ Ensure that you have not set the LD_LIBRARY_PATH environment variable, or that it does not contain paths to CUDA libraries.
└ @ CUDA /nobackup/users/yuchenma/depot/packages/CUDA/tVtYo/src/initialization.jl:173
┌ Warning: CUDA runtime library libcublasLt.so.11 was loaded from a system path. This may cause errors.
│ Ensure that you have not set the LD_LIBRARY_PATH environment variable, or that it does not contain paths to CUDA libraries.
└ @ CUDA /nobackup/users/yuchenma/depot/packages/CUDA/tVtYo/src/initialization.jl:173
┌ Warning: CUDA runtime library libcudart.so.11.0 was loaded from a system path. This may cause errors.
│ Ensure that you have not set the LD_LIBRARY_PATH environment variable, or that it does not contain paths to CUDA libraries.
└ @ CUDA /nobackup/users/yuchenma/depot/packages/CUDA/tVtYo/src/initialization.jl:173
┌ Warning: CUDA runtime library libcublasLt.so.11 was loaded from a system path. This may cause errors.
│ Ensure that you have not set the LD_LIBRARY_PATH environment variable, or that it does not contain paths to CUDA libraries.
└ @ CUDA /nobackup/users/yuchenma/depot/packages/CUDA/tVtYo/src/initialization.jl:173
┌ Warning: CUDA runtime library libcudart.so.11.0 was loaded from a system path. This may cause errors.
│ Ensure that you have not set the LD_LIBRARY_PATH environment variable, or that it does not contain paths to CUDA libraries.
└ @ CUDA /nobackup/users/yuchenma/depot/packages/CUDA/tVtYo/src/initialization.jl:173
┌ Warning: CUDA runtime library libcublasLt.so.11 was loaded from a system path. This may cause errors.
│ Ensure that you have not set the LD_LIBRARY_PATH environment variable, or that it does not contain paths to CUDA libraries.
└ @ CUDA /nobackup/users/yuchenma/depot/packages/CUDA/tVtYo/src/initialization.jl:173
[ Info: Creating the GPU grid
[ Info: Creating the GPU grid
[ Info: Creating the GPU grid
[ Info: Creating the GPU grid
ERROR: LoadError: UndefVarError: `architecture` not defined
Stacktrace:
 [1] top-level scope
   @ /nobackup/users/yuchenma/RT_tracer/simulation.jl:68
in expression starting at /nobackup/users/yuchenma/RT_tracer/simulation.jl:68
ERROR: LoadError: UndefVarError: `architecture` not defined
Stacktrace:
 [1] top-level scope
   @ /nobackup/users/yuchenma/RT_tracer/simulation.jl:68
in expression starting at /nobackup/users/yuchenma/RT_tracer/simulation.jl:68
srun: error: node0016: tasks 2-3: Exited with exit code 1
ERROR: LoadError: UndefVarError: `architecture` not defined
Stacktrace:
 [1] top-level scope
   @ /nobackup/users/yuchenma/RT_tracer/simulation.jl:68
in expression starting at /nobackup/users/yuchenma/RT_tracer/simulation.jl:68
ERROR: LoadError: UndefVarError: `architecture` not defined
Stacktrace:
 [1] top-level scope
   @ /nobackup/users/yuchenma/RT_tracer/simulation.jl:68
in expression starting at /nobackup/users/yuchenma/RT_tracer/simulation.jl:68
srun: error: node0016: task 0: Exited with exit code 1
srun: error: node0016: task 1: Exited with exit code 1
