
The following have been reloaded with a version change:
  1) cuda/11.4 => cuda/11.4-5ncz6p4

┌ Warning: CUDA runtime library libcudart.so.11.0 was loaded from a system path. This may cause errors.
│ Ensure that you have not set the LD_LIBRARY_PATH environment variable, or that it does not contain paths to CUDA libraries.
└ @ CUDA /nobackup/users/yuchenma/depot/packages/CUDA/tVtYo/src/initialization.jl:173
┌ Warning: CUDA runtime library libcublasLt.so.11 was loaded from a system path. This may cause errors.
│ Ensure that you have not set the LD_LIBRARY_PATH environment variable, or that it does not contain paths to CUDA libraries.
└ @ CUDA /nobackup/users/yuchenma/depot/packages/CUDA/tVtYo/src/initialization.jl:173
┌ Warning: CUDA runtime library libcudart.so.11.0 was loaded from a system path. This may cause errors.
│ Ensure that you have not set the LD_LIBRARY_PATH environment variable, or that it does not contain paths to CUDA libraries.
└ @ CUDA /nobackup/users/yuchenma/depot/packages/CUDA/tVtYo/src/initialization.jl:173
┌ Warning: CUDA runtime library libcublasLt.so.11 was loaded from a system path. This may cause errors.
│ Ensure that you have not set the LD_LIBRARY_PATH environment variable, or that it does not contain paths to CUDA libraries.
└ @ CUDA /nobackup/users/yuchenma/depot/packages/CUDA/tVtYo/src/initialization.jl:173
┌ Warning: CUDA runtime library libcudart.so.11.0 was loaded from a system path. This may cause errors.
│ Ensure that you have not set the LD_LIBRARY_PATH environment variable, or that it does not contain paths to CUDA libraries.
└ @ CUDA /nobackup/users/yuchenma/depot/packages/CUDA/tVtYo/src/initialization.jl:173
┌ Warning: CUDA runtime library libcudart.so.11.0 was loaded from a system path. This may cause errors.
│ Ensure that you have not set the LD_LIBRARY_PATH environment variable, or that it does not contain paths to CUDA libraries.
└ @ CUDA /nobackup/users/yuchenma/depot/packages/CUDA/tVtYo/src/initialization.jl:173
┌ Warning: CUDA runtime library libcublasLt.so.11 was loaded from a system path. This may cause errors.
│ Ensure that you have not set the LD_LIBRARY_PATH environment variable, or that it does not contain paths to CUDA libraries.
└ @ CUDA /nobackup/users/yuchenma/depot/packages/CUDA/tVtYo/src/initialization.jl:173
┌ Warning: CUDA runtime library libcublasLt.so.11 was loaded from a system path. This may cause errors.
│ Ensure that you have not set the LD_LIBRARY_PATH environment variable, or that it does not contain paths to CUDA libraries.
└ @ CUDA /nobackup/users/yuchenma/depot/packages/CUDA/tVtYo/src/initialization.jl:173
[ Info: Creating the GPU grid
[ Info: Creating the GPU grid
[ Info: Creating the GPU grid
[ Info: Creating the GPU grid
[ Info: Defining numerics
[ Info: Defining numerics
[ Info: Defining numerics
[ Info: Defining numerics
[ Info: Diffusivity and Buoyancy
[ Info: Diffusivity and Buoyancy
[ Info: Diffusivity and Buoyancy
[ Info: Diffusivity and Buoyancy
[ Info: Allocating the model
[ Info: Allocating the model
[ Info: Allocating the model
[ Info: Allocating the model
┌ Warning: Resizing the bottom field to match the grids' halos
└ @ Oceananigans.Distributed /nobackup/users/yuchenma/depot/packages/Oceananigans/tS9nn/src/Distributed/distributed_grids.jl:294
┌ Warning: Resizing the bottom field to match the grids' halos
└ @ Oceananigans.Distributed /nobackup/users/yuchenma/depot/packages/Oceananigans/tS9nn/src/Distributed/distributed_grids.jl:294
┌ Warning: Resizing the bottom field to match the grids' halos
└ @ Oceananigans.Distributed /nobackup/users/yuchenma/depot/packages/Oceananigans/tS9nn/src/Distributed/distributed_grids.jl:294
┌ Warning: Resizing the bottom field to match the grids' halos
└ @ Oceananigans.Distributed /nobackup/users/yuchenma/depot/packages/Oceananigans/tS9nn/src/Distributed/distributed_grids.jl:294
