
The following have been reloaded with a version change:
  1) cuda/11.4 => cuda/11.4-5ncz6p4

┌ Warning: CUDA runtime library libcublasLt.so.11 was loaded from a system path. This may cause errors.
│ Ensure that you have not set the LD_LIBRARY_PATH environment variable, or that it does not contain paths to CUDA libraries.
└ @ CUDA /nobackup/users/yuchenma/depot/packages/CUDA/tVtYo/src/initialization.jl:173
┌ Warning: CUDA runtime library libcublasLt.so.11 was loaded from a system path. This may cause errors.
│ Ensure that you have not set the LD_LIBRARY_PATH environment variable, or that it does not contain paths to CUDA libraries.
└ @ CUDA /nobackup/users/yuchenma/depot/packages/CUDA/tVtYo/src/initialization.jl:173
┌ Warning: CUDA runtime library libcublasLt.so.11 was loaded from a system path. This may cause errors.
│ Ensure that you have not set the LD_LIBRARY_PATH environment variable, or that it does not contain paths to CUDA libraries.
└ @ CUDA /nobackup/users/yuchenma/depot/packages/CUDA/tVtYo/src/initialization.jl:173
┌ Warning: CUDA runtime library libcublasLt.so.11 was loaded from a system path. This may cause errors.
│ Ensure that you have not set the LD_LIBRARY_PATH environment variable, or that it does not contain paths to CUDA libraries.
└ @ CUDA /nobackup/users/yuchenma/depot/packages/CUDA/tVtYo/src/initialization.jl:173
[ Info: Creating the GPU grid
[ Info: Creating the GPU grid
[ Info: Creating the GPU grid
[ Info: Creating the GPU grid
┌ Warning: Opening file with JLD2.MmapIO failed, falling back to IOStream
└ @ JLD2 /nobackup/users/yuchenma/depot/packages/JLD2/cHcDY/src/JLD2.jl:287
┌ Warning: Opening file with JLD2.MmapIO failed, falling back to IOStream
└ @ JLD2 /nobackup/users/yuchenma/depot/packages/JLD2/cHcDY/src/JLD2.jl:287
┌ Warning: Opening file with JLD2.MmapIO failed, falling back to IOStream
└ @ JLD2 /nobackup/users/yuchenma/depot/packages/JLD2/cHcDY/src/JLD2.jl:287
┌ Warning: Opening file with JLD2.MmapIO failed, falling back to IOStream
└ @ JLD2 /nobackup/users/yuchenma/depot/packages/JLD2/cHcDY/src/JLD2.jl:287
ERROR: LoadError: SystemError: opening file "data/RT_bathy_100th.jld2": No such file or directory
Stacktrace:
ERROR: LoadError: SystemError: opening file "data/RT_bathy_100th.jld2": No such file or directory
Stacktrace:
  [1] systemerror(p::String, errno::Int32; extrainfo::Nothing)
    @ Base ./error.jl:176
  [2] systemerror
    @ ./error.jl:176
  [3] #systemerror#82
    @ ./error.jl:175 [inlined]
  [4] systemerror
    @ ./error.jl:175 [inlined]
  [5] open(fname::String; lock::Bool, read::Bool, write::Bool, create::Bool, truncate::Bool, append::Bool)
    @ Base ./iostream.jl:293
  [6] open
    @ ./iostream.jl:275 [inlined]
  [7] openfile
    @ /nobackup/users/yuchenma/depot/packages/JLD2/cHcDY/src/JLD2.jl:277 [inlined]
  [8] openfile(T::Type, fname::String, wr::Bool, create::Bool, truncate::Bool, fallback::Type)
    @ JLD2 /nobackup/users/yuchenma/depot/packages/JLD2/cHcDY/src/JLD2.jl:288
  [9] jldopen(fname::String, wr::Bool, create::Bool, truncate::Bool, iotype::Type{JLD2.MmapIO}; fallback::Type{IOStream}, compress::Bool, mmaparrays::Bool, typemap::Dict{String, Any}, parallel_read::Bool)
    @ JLD2 /nobackup/users/yuchenma/depot/packages/JLD2/cHcDY/src/JLD2.jl:355
  [1] systemerror(p::String, errno::Int32; extrainfo::Nothing)
    @ Base ./error.jl:176
  [2] systemerror
    @ ./error.jl:176
  [3] #systemerror#82
    @ ./error.jl:175 [inlined]
  [4] systemerror
    @ ./error.jl:175 [inlined]
  [5] open(fname::String; lock::Bool, read::Bool, write::Bool, create::Bool, truncate::Bool, append::Bool)
    @ Base ./iostream.jl:293
  [6] open
    @ ./iostream.jl:275 [inlined]
  [7] openfile
    @ /nobackup/users/yuchenma/depot/packages/JLD2/cHcDY/src/JLD2.jl:277 [inlined]
  [8] openfile(T::Type, fname::String, wr::Bool, create::Bool, truncate::Bool, fallback::Type)
    @ JLD2 /nobackup/users/yuchenma/depot/packages/JLD2/cHcDY/src/JLD2.jl:288
  [9] jldopen(fname::String, wr::Bool, create::Bool, truncate::Bool, iotype::Type{JLD2.MmapIO}; fallback::Type{IOStream}, compress::Bool, mmaparrays::Bool, typemap::Dict{String, Any}, parallel_read::Bool)
    @ JLD2 /nobackup/users/yuchenma/depot/packages/JLD2/cHcDY/src/JLD2.jl:355
 [10] jldopen(fname::String, wr::Bool, create::Bool, truncate::Bool, iotype::Type{JLD2.MmapIO})
    @ JLD2 /nobackup/users/yuchenma/depot/packages/JLD2/cHcDY/src/JLD2.jl:301
 [10] jldopen(fname::String, wr::Bool, create::Bool, truncate::Bool, iotype::Type{JLD2.MmapIO})
    @ JLD2 /nobackup/users/yuchenma/depot/packages/JLD2/cHcDY/src/JLD2.jl:301
 [11] jldopen(fname::String, mode::String; iotype::Type, kwargs::Base.Pairs{Symbol, Union{}, Tuple{}, NamedTuple{(), Tuple{}}})
    @ JLD2 /nobackup/users/yuchenma/depot/packages/JLD2/cHcDY/src/JLD2.jl:439
 [12] jldopen
 [11] jldopen(fname::String, mode::String; iotype::Type, kwargs::Base.Pairs{Symbol, Union{}, Tuple{}, NamedTuple{(), Tuple{}}})
    @ JLD2 /nobackup/users/yuchenma/depot/packages/JLD2/cHcDY/src/JLD2.jl:439
 [12] jldopen
    @ /nobackup/users/yuchenma/depot/packages/JLD2/cHcDY/src/JLD2.jl:433 [inlined]
 [13] jldopen(fname::String)
    @ JLD2 /nobackup/users/yuchenma/depot/packages/JLD2/cHcDY/src/JLD2.jl:433
 [14] top-level scope
    @ /nobackup/users/yuchenma/RT_tracer/simulation.jl:56
in expression starting at /nobackup/users/yuchenma/RT_tracer/simulation.jl:56

    @ /nobackup/users/yuchenma/depot/packages/JLD2/cHcDY/src/JLD2.jl:433 [inlined]
 [13] jldopen(fname::String)
    @ JLD2 /nobackup/users/yuchenma/depot/packages/JLD2/cHcDY/src/JLD2.jl:433
 [14] top-level scope
    @ /nobackup/users/yuchenma/RT_tracer/simulation.jl:56
in expression starting at /nobackup/users/yuchenma/RT_tracer/simulation.jl:56

caused by: SystemError: opening file "data/RT_bathy_100th.jld2": No such file or directory
Stacktrace:
  [1] systemerror(p::String, errno::Int32; extrainfo::Nothing)
    @ Base ./error.jl:176
  [2] systemerror
    @ ./error.jl:176
  [3] #systemerror#82
    @ ./error.jl:175 [inlined]
  [4] systemerror
    @ ./error.jl:175 [inlined]
  [5] open(fname::String; lock::Bool, read::Bool, write::Bool, create::Bool, truncate::Bool, append::Bool)
    @ Base ./iostream.jl:293
  [6] open
    @ ./iostream.jl:275 [inlined]
caused by: SystemError: opening file "data/RT_bathy_100th.jld2": No such file or directory
Stacktrace:
  [1] systemerror(p::String, errno::Int32; extrainfo::Nothing)
    @ Base ./error.jl:176
  [2] systemerror
    @ ./error.jl:176
  [3] #systemerror#82
    @ ./error.jl:175 [inlined]
  [4] systemerror
    @ ./error.jl:175 [inlined]
  [5] open(fname::String; lock::Bool, read::Bool, write::Bool, create::Bool, truncate::Bool, append::Bool)
    @ Base ./iostream.jl:293
  [6] open
    @ ./iostream.jl:275 [inlined]
ERROR: LoadError: SystemError: opening file "data/RT_bathy_100th.jld2": No such file or directory
Stacktrace:
  [1] systemerror(p::String, errno::Int32; extrainfo::Nothing)
    @ Base ./error.jl:176
  [2] systemerror
    @ ./error.jl:176
  [3] #systemerror#82
    @ ./error.jl:175 [inlined]
  [4] systemerror
    @ ./error.jl:175 [inlined]
  [5] open(fname::String; lock::Bool, read::Bool, write::Bool, create::Bool, truncate::Bool, append::Bool)
    @ Base ./iostream.jl:293
  [6] open
    @ ./iostream.jl:275 [inlined]
  [7] openfile
    @ /nobackup/users/yuchenma/depot/packages/JLD2/cHcDY/src/JLD2.jl:277 [inlined]
  [8] openfile(T::Type, fname::String, wr::Bool, create::Bool, truncate::Bool, fallback::Type)
    @ JLD2 /nobackup/users/yuchenma/depot/packages/JLD2/cHcDY/src/JLD2.jl:288
  [9] jldopen(fname::String, wr::Bool, create::Bool, truncate::Bool, iotype::Type{JLD2.MmapIO}; fallback::Type{IOStream}, compress::Bool, mmaparrays::Bool, typemap::Dict{String, Any}, parallel_read::Bool)
    @ JLD2 /nobackup/users/yuchenma/depot/packages/JLD2/cHcDY/src/JLD2.jl:355
 [10] jldopen(fname::String, wr::Bool, create::Bool, truncate::Bool, iotype::Type{JLD2.MmapIO})
    @ JLD2 /nobackup/users/yuchenma/depot/packages/JLD2/cHcDY/src/JLD2.jl:301
  [7] JLD2.MmapIO(fname::String, write::Bool, create::Bool, truncate::Bool)
    @ JLD2 /nobackup/users/yuchenma/depot/packages/JLD2/cHcDY/src/mmapio.jl:105
  [8] openfile
    @ /nobackup/users/yuchenma/depot/packages/JLD2/cHcDY/src/JLD2.jl:280 [inlined]
  [9] openfile(T::Type, fname::String, wr::Bool, create::Bool, truncate::Bool, fallback::Type)
    @ JLD2 /nobackup/users/yuchenma/depot/packages/JLD2/cHcDY/src/JLD2.jl:285
  [7] JLD2.MmapIO(fname::String, write::Bool, create::Bool, truncate::Bool)
    @ JLD2 /nobackup/users/yuchenma/depot/packages/JLD2/cHcDY/src/mmapio.jl:105
  [8] openfile
    @ /nobackup/users/yuchenma/depot/packages/JLD2/cHcDY/src/JLD2.jl:280 [inlined]
  [9] openfile(T::Type, fname::String, wr::Bool, create::Bool, truncate::Bool, fallback::Type)
    @ JLD2 /nobackup/users/yuchenma/depot/packages/JLD2/cHcDY/src/JLD2.jl:285
 [11] jldopen(fname::String, mode::String; iotype::Type, kwargs::Base.Pairs{Symbol, Union{}, Tuple{}, NamedTuple{(), Tuple{}}})
    @ JLD2 /nobackup/users/yuchenma/depot/packages/JLD2/cHcDY/src/JLD2.jl:439
 [12] jldopen
    @ /nobackup/users/yuchenma/depot/packages/JLD2/cHcDY/src/JLD2.jl:433 [inlined]
 [13] jldopen(fname::String)
    @ JLD2 /nobackup/users/yuchenma/depot/packages/JLD2/cHcDY/src/JLD2.jl:433
 [10] jldopen(fname::String, wr::Bool, create::Bool, truncate::Bool, iotype::Type{JLD2.MmapIO}; fallback::Type{IOStream}, compress::Bool, mmaparrays::Bool, typemap::Dict{String, Any}, parallel_read::Bool)
    @ JLD2 /nobackup/users/yuchenma/depot/packages/JLD2/cHcDY/src/JLD2.jl:355
 [11] jldopen(fname::String, wr::Bool, create::Bool, truncate::Bool, iotype::Type{JLD2.MmapIO})
    @ JLD2 /nobackup/users/yuchenma/depot/packages/JLD2/cHcDY/src/JLD2.jl:301
 [12] jldopen(fname::String, mode::String; iotype::Type, kwargs::Base.Pairs{Symbol, Union{}, Tuple{}, NamedTuple{(), Tuple{}}})
    @ JLD2 /nobackup/users/yuchenma/depot/packages/JLD2/cHcDY/src/JLD2.jl:439
 [13] jldopen
    @ /nobackup/users/yuchenma/depot/packages/JLD2/cHcDY/src/JLD2.jl:433 [inlined]
 [14] jldopen(fname::String)
    @ JLD2 /nobackup/users/yuchenma/depot/packages/JLD2/cHcDY/src/JLD2.jl:433
 [15] top-level scope
    @ /nobackup/users/yuchenma/RT_tracer/simulation.jl:56
 [10] jldopen(fname::String, wr::Bool, create::Bool, truncate::Bool, iotype::Type{JLD2.MmapIO}; fallback::Type{IOStream}, compress::Bool, mmaparrays::Bool, typemap::Dict{String, Any}, parallel_read::Bool)
    @ JLD2 /nobackup/users/yuchenma/depot/packages/JLD2/cHcDY/src/JLD2.jl:355
 [11] jldopen(fname::String, wr::Bool, create::Bool, truncate::Bool, iotype::Type{JLD2.MmapIO})
    @ JLD2 /nobackup/users/yuchenma/depot/packages/JLD2/cHcDY/src/JLD2.jl:301
 [12] jldopen(fname::String, mode::String; iotype::Type, kwargs::Base.Pairs{Symbol, Union{}, Tuple{}, NamedTuple{(), Tuple{}}})
    @ JLD2 /nobackup/users/yuchenma/depot/packages/JLD2/cHcDY/src/JLD2.jl:439
 [13] jldopen
    @ /nobackup/users/yuchenma/depot/packages/JLD2/cHcDY/src/JLD2.jl:433 [inlined]
 [14] jldopen(fname::String)
    @ JLD2 /nobackup/users/yuchenma/depot/packages/JLD2/cHcDY/src/JLD2.jl:433
 [15] top-level scope
    @ /nobackup/users/yuchenma/RT_tracer/simulation.jl:56
 [14] top-level scope
    @ /nobackup/users/yuchenma/RT_tracer/simulation.jl:56
in expression starting at /nobackup/users/yuchenma/RT_tracer/simulation.jl:56

caused by: SystemError: opening file "data/RT_bathy_100th.jld2": No such file or directory
Stacktrace:
  [1] systemerror(p::String, errno::Int32; extrainfo::Nothing)
    @ Base ./error.jl:176
  [2] systemerror
    @ ./error.jl:176
  [3] #systemerror#82
    @ ./error.jl:175 [inlined]
  [4] systemerror
    @ ./error.jl:175 [inlined]
  [5] open(fname::String; lock::Bool, read::Bool, write::Bool, create::Bool, truncate::Bool, append::Bool)
    @ Base ./iostream.jl:293
  [6] open
    @ ./iostream.jl:275 [inlined]
ERROR: LoadError: SystemError: opening file "data/RT_bathy_100th.jld2": No such file or directory
Stacktrace:
  [1] systemerror(p::String, errno::Int32; extrainfo::Nothing)
    @ Base ./error.jl:176
  [2] systemerror
    @ ./error.jl:176
  [3] #systemerror#82
    @ ./error.jl:175 [inlined]
  [4] systemerror
    @ ./error.jl:175 [inlined]
  [5] open(fname::String; lock::Bool, read::Bool, write::Bool, create::Bool, truncate::Bool, append::Bool)
    @ Base ./iostream.jl:293
  [6] open
    @ ./iostream.jl:275 [inlined]
  [7] openfile
    @ /nobackup/users/yuchenma/depot/packages/JLD2/cHcDY/src/JLD2.jl:277 [inlined]
  [8] openfile(T::Type, fname::String, wr::Bool, create::Bool, truncate::Bool, fallback::Type)
    @ JLD2 /nobackup/users/yuchenma/depot/packages/JLD2/cHcDY/src/JLD2.jl:288
  [9] jldopen(fname::String, wr::Bool, create::Bool, truncate::Bool, iotype::Type{JLD2.MmapIO}; fallback::Type{IOStream}, compress::Bool, mmaparrays::Bool, typemap::Dict{String, Any}, parallel_read::Bool)
    @ JLD2 /nobackup/users/yuchenma/depot/packages/JLD2/cHcDY/src/JLD2.jl:355
 [10] jldopen(fname::String, wr::Bool, create::Bool, truncate::Bool, iotype::Type{JLD2.MmapIO})
    @ JLD2 /nobackup/users/yuchenma/depot/packages/JLD2/cHcDY/src/JLD2.jl:301
 [11] jldopen(fname::String, mode::String; iotype::Type, kwargs::Base.Pairs{Symbol, Union{}, Tuple{}, NamedTuple{(), Tuple{}}})
    @ JLD2 /nobackup/users/yuchenma/depot/packages/JLD2/cHcDY/src/JLD2.jl:439
 [12] jldopen
    @ /nobackup/users/yuchenma/depot/packages/JLD2/cHcDY/src/JLD2.jl:433 [inlined]
 [13] jldopen(fname::String)
    @ JLD2 /nobackup/users/yuchenma/depot/packages/JLD2/cHcDY/src/JLD2.jl:433
 [14] top-level scope
    @ /nobackup/users/yuchenma/RT_tracer/simulation.jl:56
in expression starting at /nobackup/users/yuchenma/RT_tracer/simulation.jl:56

caused by: SystemError: opening file "data/RT_bathy_100th.jld2": No such file or directory
Stacktrace:
  [1] systemerror(p::String, errno::Int32; extrainfo::Nothing)
    @ Base ./error.jl:176
  [2] systemerror
    @ ./error.jl:176
  [3] #systemerror#82
    @ ./error.jl:175 [inlined]
  [4] systemerror
    @ ./error.jl:175 [inlined]
  [5] open(fname::String; lock::Bool, read::Bool, write::Bool, create::Bool, truncate::Bool, append::Bool)
    @ Base ./iostream.jl:293
  [6] open
    @ ./iostream.jl:275 [inlined]
srun: error: node0054: tasks 2-3: Exited with exit code 1
  [7] JLD2.MmapIO(fname::String, write::Bool, create::Bool, truncate::Bool)
    @ JLD2 /nobackup/users/yuchenma/depot/packages/JLD2/cHcDY/src/mmapio.jl:105
  [8] openfile
    @ /nobackup/users/yuchenma/depot/packages/JLD2/cHcDY/src/JLD2.jl:280 [inlined]
  [9] openfile(T::Type, fname::String, wr::Bool, create::Bool, truncate::Bool, fallback::Type)
    @ JLD2 /nobackup/users/yuchenma/depot/packages/JLD2/cHcDY/src/JLD2.jl:285
 [10] jldopen(fname::String, wr::Bool, create::Bool, truncate::Bool, iotype::Type{JLD2.MmapIO}; fallback::Type{IOStream}, compress::Bool, mmaparrays::Bool, typemap::Dict{String, Any}, parallel_read::Bool)
    @ JLD2 /nobackup/users/yuchenma/depot/packages/JLD2/cHcDY/src/JLD2.jl:355
 [11] jldopen(fname::String, wr::Bool, create::Bool, truncate::Bool, iotype::Type{JLD2.MmapIO})
    @ JLD2 /nobackup/users/yuchenma/depot/packages/JLD2/cHcDY/src/JLD2.jl:301
 [12] jldopen(fname::String, mode::String; iotype::Type, kwargs::Base.Pairs{Symbol, Union{}, Tuple{}, NamedTuple{(), Tuple{}}})
    @ JLD2 /nobackup/users/yuchenma/depot/packages/JLD2/cHcDY/src/JLD2.jl:439
 [13] jldopen
    @ /nobackup/users/yuchenma/depot/packages/JLD2/cHcDY/src/JLD2.jl:433 [inlined]
 [14] jldopen(fname::String)
    @ JLD2 /nobackup/users/yuchenma/depot/packages/JLD2/cHcDY/src/JLD2.jl:433
 [15] top-level scope
    @ /nobackup/users/yuchenma/RT_tracer/simulation.jl:56
  [7] JLD2.MmapIO(fname::String, write::Bool, create::Bool, truncate::Bool)
    @ JLD2 /nobackup/users/yuchenma/depot/packages/JLD2/cHcDY/src/mmapio.jl:105
  [8] openfile
    @ /nobackup/users/yuchenma/depot/packages/JLD2/cHcDY/src/JLD2.jl:280 [inlined]
  [9] openfile(T::Type, fname::String, wr::Bool, create::Bool, truncate::Bool, fallback::Type)
    @ JLD2 /nobackup/users/yuchenma/depot/packages/JLD2/cHcDY/src/JLD2.jl:285
 [10] jldopen(fname::String, wr::Bool, create::Bool, truncate::Bool, iotype::Type{JLD2.MmapIO}; fallback::Type{IOStream}, compress::Bool, mmaparrays::Bool, typemap::Dict{String, Any}, parallel_read::Bool)
    @ JLD2 /nobackup/users/yuchenma/depot/packages/JLD2/cHcDY/src/JLD2.jl:355
 [11] jldopen(fname::String, wr::Bool, create::Bool, truncate::Bool, iotype::Type{JLD2.MmapIO})
    @ JLD2 /nobackup/users/yuchenma/depot/packages/JLD2/cHcDY/src/JLD2.jl:301
 [12] jldopen(fname::String, mode::String; iotype::Type, kwargs::Base.Pairs{Symbol, Union{}, Tuple{}, NamedTuple{(), Tuple{}}})
    @ JLD2 /nobackup/users/yuchenma/depot/packages/JLD2/cHcDY/src/JLD2.jl:439
 [13] jldopen
    @ /nobackup/users/yuchenma/depot/packages/JLD2/cHcDY/src/JLD2.jl:433 [inlined]
 [14] jldopen(fname::String)
    @ JLD2 /nobackup/users/yuchenma/depot/packages/JLD2/cHcDY/src/JLD2.jl:433
 [15] top-level scope
    @ /nobackup/users/yuchenma/RT_tracer/simulation.jl:56
srun: error: node0054: task 1: Exited with exit code 1
srun: error: node0054: task 0: Exited with exit code 1
